<?xml version="1.0" encoding="UTF-8"?>
<!-- Generated by org.testng.reporters.JUnitXMLReporter -->
<testsuite ignored="6" hostname="DESKTOP-6E0HG37" failures="0" tests="3" name="Default test" time="23.675" errors="0" timestamp="2025-04-01T23:00:37 EET">
  <testcase classname="TestCasess" name="Bankmangerl" time="6.23"/>
  <testcase classname="TestCasess" name="Addcustmer" time="6.405"/>
  <testcase classname="TestCasess" name="OpenAccount" time="9.479"/>
  <testcase classname="TestCasess" name="selestname" time="0.0">
    <ignored/>
  </testcase> <!-- selestname -->
  <testcase classname="TestCasess" name="backToHome" time="0.0">
    <ignored/>
  </testcase> <!-- backToHome -->
  <testcase classname="TestCasess" name="withdrawl" time="0.0">
    <ignored/>
  </testcase> <!-- withdrawl -->
  <testcase classname="TestCasess" name="deposit" time="0.0">
    <ignored/>
  </testcase> <!-- deposit -->
  <testcase classname="TestCasess" name="transactions" time="0.0">
    <ignored/>
  </testcase> <!-- transactions -->
  <testcase classname="TestCasess" name="secondst" time="0.0">
    <ignored/>
  </testcase> <!-- secondst -->
</testsuite> <!-- Default test -->
