<?xml version="1.0" encoding="UTF-8"?>
<!-- Generated by org.testng.reporters.JUnitXMLReporter -->
<testsuite ignored="0" hostname="DESKTOP-6E0HG37" failures="0" tests="11" name="Default test" time="69.108" errors="0" timestamp="2025-04-03T21:31:59 EET">
  <testcase classname="TestCasess" name="secondst" time="8.221"/>
  <testcase classname="TestCasess" name="selestname" time="2.485"/>
  <testcase classname="TestCasess" name="deposit" time="6.579"/>
  <testcase classname="TestCasess" name="withdrawl" time="8.44"/>
  <testcase classname="TestCasess" name="transactions" time="6.225"/>
  <testcase classname="TestCasess" name="backToHome" time="3.108"/>
  <testcase classname="TestCasess" name="Bankmangerl" time="6.338"/>
  <testcase classname="TestCasess" name="Addcustmer" time="6.658"/>
  <testcase classname="TestCasess" name="OpenAccount" time="9.7"/>
  <testcase classname="TestCasess" name="deleteCustomer" time="6.432"/>
  <testcase classname="TestCasess" name="Homepage" time="3.093"/>
</testsuite> <!-- Default test -->
