<?xml version="1.0" encoding="UTF-8"?>
<testng-results ignored="0" total="11" passed="11" failed="0" skipped="0">
  <reporter-output>
  </reporter-output>
  <suite started-at="2025-04-03T21:30:50 EET" name="Default suite" finished-at="2025-04-03T21:31:59 EET" duration-ms="69108">
    <groups>
    </groups>
    <test started-at="2025-04-03T21:30:50 EET" name="Default test" finished-at="2025-04-03T21:31:59 EET" duration-ms="69108">
      <class name="TestCasess">
        <test-method is-config="true" signature="setup()[pri:0, instance:TestCasess@41dd05a]" started-at="2025-04-03T21:30:50 EET" name="setup" finished-at="2025-04-03T21:30:52 EET" duration-ms="1539" status="PASS">
          <reporter-output>
          </reporter-output>
        </test-method> <!-- setup -->
        <test-method signature="secondst()[pri:1, instance:TestCasess@41dd05a]" started-at="2025-04-03T21:30:52 EET" name="secondst" finished-at="2025-04-03T21:31:00 EET" duration-ms="8221" status="PASS">
          <reporter-output>
          </reporter-output>
        </test-method> <!-- secondst -->
        <test-method signature="selestname()[pri:2, instance:TestCasess@41dd05a]" started-at="2025-04-03T21:31:00 EET" name="selestname" finished-at="2025-04-03T21:31:03 EET" duration-ms="2485" status="PASS">
          <reporter-output>
          </reporter-output>
        </test-method> <!-- selestname -->
        <test-method signature="deposit()[pri:3, instance:TestCasess@41dd05a]" started-at="2025-04-03T21:31:03 EET" name="deposit" finished-at="2025-04-03T21:31:09 EET" duration-ms="6579" status="PASS">
          <reporter-output>
          </reporter-output>
        </test-method> <!-- deposit -->
        <test-method signature="withdrawl()[pri:4, instance:TestCasess@41dd05a]" started-at="2025-04-03T21:31:09 EET" name="withdrawl" finished-at="2025-04-03T21:31:18 EET" duration-ms="8440" status="PASS">
          <reporter-output>
          </reporter-output>
        </test-method> <!-- withdrawl -->
        <test-method signature="transactions()[pri:5, instance:TestCasess@41dd05a]" started-at="2025-04-03T21:31:18 EET" name="transactions" finished-at="2025-04-03T21:31:24 EET" duration-ms="6225" status="PASS">
          <reporter-output>
          </reporter-output>
        </test-method> <!-- transactions -->
        <test-method signature="backToHome()[pri:6, instance:TestCasess@41dd05a]" started-at="2025-04-03T21:31:24 EET" name="backToHome" finished-at="2025-04-03T21:31:27 EET" duration-ms="3108" status="PASS">
          <reporter-output>
          </reporter-output>
        </test-method> <!-- backToHome -->
        <test-method signature="Bankmangerl()[pri:7, instance:TestCasess@41dd05a]" started-at="2025-04-03T21:31:27 EET" name="Bankmangerl" finished-at="2025-04-03T21:31:33 EET" duration-ms="6338" status="PASS">
          <reporter-output>
          </reporter-output>
        </test-method> <!-- Bankmangerl -->
        <test-method signature="Addcustmer()[pri:8, instance:TestCasess@41dd05a]" started-at="2025-04-03T21:31:33 EET" name="Addcustmer" finished-at="2025-04-03T21:31:40 EET" duration-ms="6658" status="PASS">
          <reporter-output>
          </reporter-output>
        </test-method> <!-- Addcustmer -->
        <test-method signature="OpenAccount()[pri:9, instance:TestCasess@41dd05a]" started-at="2025-04-03T21:31:40 EET" name="OpenAccount" finished-at="2025-04-03T21:31:50 EET" duration-ms="9700" status="PASS">
          <reporter-output>
          </reporter-output>
        </test-method> <!-- OpenAccount -->
        <test-method signature="deleteCustomer()[pri:10, instance:TestCasess@41dd05a]" started-at="2025-04-03T21:31:50 EET" name="deleteCustomer" finished-at="2025-04-03T21:31:56 EET" duration-ms="6432" status="PASS">
          <reporter-output>
          </reporter-output>
        </test-method> <!-- deleteCustomer -->
        <test-method signature="Homepage()[pri:11, instance:TestCasess@41dd05a]" started-at="2025-04-03T21:31:56 EET" name="Homepage" finished-at="2025-04-03T21:31:59 EET" duration-ms="3093" status="PASS">
          <reporter-output>
          </reporter-output>
        </test-method> <!-- Homepage -->
      </class> <!-- TestCasess -->
    </test> <!-- Default test -->
  </suite> <!-- Default suite -->
</testng-results>
