<?xml version="1.0" encoding="UTF-8"?>
<testng-results ignored="6" total="9" passed="3" failed="0" skipped="0">
  <reporter-output>
  </reporter-output>
  <suite started-at="2025-04-01T23:00:13 EET" name="Default suite" finished-at="2025-04-01T23:00:37 EET" duration-ms="23675">
    <groups>
    </groups>
    <test started-at="2025-04-01T23:00:13 EET" name="Default test" finished-at="2025-04-01T23:00:37 EET" duration-ms="23675">
      <class name="TestCasess">
        <test-method is-config="true" signature="setup()[pri:0, instance:TestCasess@7ca33c24]" started-at="2025-04-01T23:00:13 EET" name="setup" finished-at="2025-04-01T23:00:14 EET" duration-ms="1522" status="PASS">
          <reporter-output>
          </reporter-output>
        </test-method> <!-- setup -->
        <test-method signature="Bankmangerl()[pri:9, instance:TestCasess@7ca33c24]" started-at="2025-04-01T23:00:14 EET" name="Bankmangerl" finished-at="2025-04-01T23:00:21 EET" duration-ms="6230" status="PASS">
          <reporter-output>
          </reporter-output>
        </test-method> <!-- Bankmangerl -->
        <test-method signature="Addcustmer()[pri:10, instance:TestCasess@7ca33c24]" started-at="2025-04-01T23:00:21 EET" name="Addcustmer" finished-at="2025-04-01T23:00:27 EET" duration-ms="6405" status="PASS">
          <reporter-output>
          </reporter-output>
        </test-method> <!-- Addcustmer -->
        <test-method signature="OpenAccount()[pri:11, instance:TestCasess@7ca33c24]" started-at="2025-04-01T23:00:27 EET" name="OpenAccount" finished-at="2025-04-01T23:00:37 EET" duration-ms="9479" status="PASS">
          <reporter-output>
          </reporter-output>
        </test-method> <!-- OpenAccount -->
      </class> <!-- TestCasess -->
    </test> <!-- Default test -->
  </suite> <!-- Default suite -->
</testng-results>
