<?xml version="1.0" encoding="UTF-8"?>
<!-- Generated by org.testng.reporters.JUnitReportReporter -->
<testsuite hostname="DESKTOP-6E0HG37" failures="0" tests="9" name="TestCasess" time="22.114" errors="0" timestamp="2025-04-01T23:00:37 EET" skipped="6">
  <testcase classname="TestCasess" name="Bankmangerl" time="6.230"/>
  <system-out/>
  <testcase classname="TestCasess" name="Addcustmer" time="6.405"/>
  <system-out/>
  <testcase classname="TestCasess" name="OpenAccount" time="9.479"/>
  <system-out/>
  <testcase classname="TestCasess" name="selestname">
    <skipped/>
  </testcase> <!-- selestname -->
  <system-out/>
  <testcase classname="TestCasess" name="backToHome">
    <skipped/>
  </testcase> <!-- backToHome -->
  <system-out/>
  <testcase classname="TestCasess" name="withdrawl">
    <skipped/>
  </testcase> <!-- withdrawl -->
  <system-out/>
  <testcase classname="TestCasess" name="deposit">
    <skipped/>
  </testcase> <!-- deposit -->
  <system-out/>
  <testcase classname="TestCasess" name="transactions">
    <skipped/>
  </testcase> <!-- transactions -->
  <system-out/>
  <testcase classname="TestCasess" name="secondst">
    <skipped/>
  </testcase> <!-- secondst -->
  <system-out/>
</testsuite> <!-- TestCasess -->
