<?xml version="1.0" encoding="UTF-8"?>
<!-- Generated by org.testng.reporters.JUnitReportReporter -->
<testsuite hostname="DESKTOP-6E0HG37" failures="0" tests="11" name="TestCasess" time="67.279" errors="0" timestamp="2025-04-03T21:31:59 EET" skipped="0">
  <testcase classname="TestCasess" name="secondst" time="8.221"/>
  <system-out/>
  <testcase classname="TestCasess" name="selestname" time="2.485"/>
  <system-out/>
  <testcase classname="TestCasess" name="deposit" time="6.579"/>
  <system-out/>
  <testcase classname="TestCasess" name="withdrawl" time="8.440"/>
  <system-out/>
  <testcase classname="TestCasess" name="transactions" time="6.225"/>
  <system-out/>
  <testcase classname="TestCasess" name="backToHome" time="3.108"/>
  <system-out/>
  <testcase classname="TestCasess" name="Bankmangerl" time="6.338"/>
  <system-out/>
  <testcase classname="TestCasess" name="Addcustmer" time="6.658"/>
  <system-out/>
  <testcase classname="TestCasess" name="OpenAccount" time="9.700"/>
  <system-out/>
  <testcase classname="TestCasess" name="deleteCustomer" time="6.432"/>
  <system-out/>
  <testcase classname="TestCasess" name="Homepage" time="3.093"/>
  <system-out/>
</testsuite> <!-- TestCasess -->
